Build started 12/2/2014 1:35:28 PM.
     1>Project "C:\Users\wmcclennan17\Documents\GitHub\Bartender\ConsoleApplication3\ConsoleApplication3\ConsoleApplication3.vcxproj" on node 2 (Build target(s)).
     1>ClCompile:
         C:\Program Files (x86)\Microsoft Visual Studio 12.0\VC\bin\CL.exe /c /ZI /nologo /W3 /WX- /Od /Oy- /D WIN32 /D _DEBUG /D _CONSOLE /D _LIB /D _UNICODE /D UNICODE /Gm /EHsc /RTC1 /MDd /GS /fp:precise /Zc:wchar_t /Zc:forScope /Fo"Debug\\" /Fd"Debug\vc120.pdb" /Gd /TP /analyze- /errorReport:prompt AdultBev.cpp Drinks.cpp Ingredients.cpp SagaSpecialties.cpp Source.cpp
         AdultBev.cpp
         Generating Code...
         Skipping... (no relevant changes detected)
         Source.cpp
         SagaSpecialties.cpp
         Ingredients.cpp
         Drinks.cpp
       Link:
         C:\Program Files (x86)\Microsoft Visual Studio 12.0\VC\bin\link.exe /ERRORREPORT:PROMPT /OUT:"C:\Users\wmcclennan17\Documents\GitHub\Bartender\ConsoleApplication3\Debug\ConsoleApplication3.exe" /INCREMENTAL /NOLOGO kernel32.lib user32.lib gdi32.lib winspool.lib comdlg32.lib advapi32.lib shell32.lib ole32.lib oleaut32.lib uuid.lib odbc32.lib odbccp32.lib /MANIFEST /MANIFESTUAC:"level='asInvoker' uiAccess='false'" /manifest:embed /DEBUG /PDB:"C:\Users\wmcclennan17\Documents\GitHub\Bartender\ConsoleApplication3\Debug\ConsoleApplication3.pdb" /SUBSYSTEM:CONSOLE /TLBID:1 /DYNAMICBASE /NXCOMPAT /IMPLIB:"C:\Users\wmcclennan17\Documents\GitHub\Bartender\ConsoleApplication3\Debug\ConsoleApplication3.lib" /MACHINE:X86 Debug\AdultBev.obj
         Debug\Drinks.obj
         Debug\Ingredients.obj
         Debug\SagaSpecialties.obj
         Debug\Source.obj
     1>Source.obj : error LNK2019: unresolved external symbol "public: void __thiscall Ingredients::setName(class std::basic_string<char,struct std::char_traits<char>,class std::allocator<char> >)" (?setName@Ingredients@@QAEXV?$basic_string@DU?$char_traits@D@std@@V?$allocator@D@2@@std@@@Z) referenced in function _main
     1>Source.obj : error LNK2019: unresolved external symbol "public: void __thiscall Ingredients::setAmtNeed(double)" (?setAmtNeed@Ingredients@@QAEXN@Z) referenced in function _main
     1>Source.obj : error LNK2019: unresolved external symbol "public: void __thiscall Drinks::setName(class std::basic_string<char,struct std::char_traits<char>,class std::allocator<char> >)" (?setName@Drinks@@QAEXV?$basic_string@DU?$char_traits@D@std@@V?$allocator@D@2@@std@@@Z) referenced in function _main
     1>Source.obj : error LNK2019: unresolved external symbol "public: void __thiscall Drinks::setIngredients(class std::vector<class Ingredients,class std::allocator<class Ingredients> >)" (?setIngredients@Drinks@@QAEXV?$vector@VIngredients@@V?$allocator@VIngredients@@@std@@@std@@@Z) referenced in function _main
     1>C:\Users\wmcclennan17\Documents\GitHub\Bartender\ConsoleApplication3\Debug\ConsoleApplication3.exe : fatal error LNK1120: 4 unresolved externals
     1>Done Building Project "C:\Users\wmcclennan17\Documents\GitHub\Bartender\ConsoleApplication3\ConsoleApplication3\ConsoleApplication3.vcxproj" (Build target(s)) -- FAILED.

Build FAILED.

Time Elapsed 00:00:00.56
